{"C:\\Users\\AxilionBG1\\git\\swapp-react-graphql-apollo\\src\\theme.js": {"path":"C:\\Users\\AxilionBG1\\git\\swapp-react-graphql-apollo\\src\\theme.js","statementMap":{"0":{"start":{"line":4,"column":14},"end":{"line":85,"column":2}}},"fnMap":{},"branchMap":{},"s":{"0":3},"f":{},"b":{},"_coverageSchema":"43e27e138ebf9cfc5966b082cf9a028302ed4184","hash":"e77933fda44be72aa71c97b7a9f5d106a72cd40d"}
,"C:\\Users\\AxilionBG1\\git\\swapp-react-graphql-apollo\\src\\components\\index.js": {"path":"C:\\Users\\AxilionBG1\\git\\swapp-react-graphql-apollo\\src\\components\\index.js","statementMap":{},"fnMap":{},"branchMap":{},"s":{},"f":{},"b":{},"_coverageSchema":"43e27e138ebf9cfc5966b082cf9a028302ed4184","hash":"3fdf92eddfeccfad89ae195f19b3155b9f1d7144"}
,"C:\\Users\\AxilionBG1\\git\\swapp-react-graphql-apollo\\src\\components\\DetailsCard\\index.js": {"path":"C:\\Users\\AxilionBG1\\git\\swapp-react-graphql-apollo\\src\\components\\DetailsCard\\index.js","statementMap":{"0":{"start":{"line":7,"column":20},"end":{"line":41,"column":1}},"1":{"start":{"line":10,"column":6},"end":{"line":10,"column":30}},"2":{"start":{"line":11,"column":20},"end":{"line":11,"column":38}},"3":{"start":{"line":12,"column":18},"end":{"line":12,"column":38}},"4":{"start":{"line":14,"column":2},"end":{"line":40,"column":4}},"5":{"start":{"line":26,"column":10},"end":{"line":36,"column":23}},"6":{"start":{"line":43,"column":0},"end":{"line":47,"column":2}}},"fnMap":{"0":{"name":"(anonymous_0)","decl":{"start":{"line":7,"column":20},"end":{"line":7,"column":21}},"loc":{"start":{"line":7,"column":51},"end":{"line":41,"column":1}},"line":7},"1":{"name":"(anonymous_1)","decl":{"start":{"line":25,"column":21},"end":{"line":25,"column":22}},"loc":{"start":{"line":26,"column":10},"end":{"line":36,"column":23}},"line":26}},"branchMap":{},"s":{"0":5,"1":1,"2":1,"3":1,"4":1,"5":1,"6":5},"f":{"0":1,"1":1},"b":{},"_coverageSchema":"43e27e138ebf9cfc5966b082cf9a028302ed4184","hash":"10728064bd84ea6a5ceadd2e511c313bd377b1ba"}
,"C:\\Users\\AxilionBG1\\git\\swapp-react-graphql-apollo\\src\\components\\DetailsCard\\styles.js": {"path":"C:\\Users\\AxilionBG1\\git\\swapp-react-graphql-apollo\\src\\components\\DetailsCard\\styles.js","statementMap":{"0":{"start":{"line":1,"column":15},"end":{"line":22,"column":2}},"1":{"start":{"line":1,"column":22},"end":{"line":22,"column":1}}},"fnMap":{"0":{"name":"(anonymous_0)","decl":{"start":{"line":1,"column":15},"end":{"line":1,"column":16}},"loc":{"start":{"line":1,"column":22},"end":{"line":22,"column":1}},"line":1}},"branchMap":{},"s":{"0":5,"1":1},"f":{"0":1},"b":{},"_coverageSchema":"43e27e138ebf9cfc5966b082cf9a028302ed4184","hash":"a1b91febe71c98811dd6686673ee98caf132e144"}
,"C:\\Users\\AxilionBG1\\git\\swapp-react-graphql-apollo\\src\\components\\Header\\index.js": {"path":"C:\\Users\\AxilionBG1\\git\\swapp-react-graphql-apollo\\src\\components\\Header\\index.js","statementMap":{"0":{"start":{"line":9,"column":15},"end":{"line":72,"column":1}},"1":{"start":{"line":13,"column":6},"end":{"line":13,"column":30}},"2":{"start":{"line":14,"column":20},"end":{"line":14,"column":38}},"3":{"start":{"line":15,"column":18},"end":{"line":15,"column":38}},"4":{"start":{"line":16,"column":18},"end":{"line":16,"column":30}},"5":{"start":{"line":17,"column":17},"end":{"line":17,"column":34}},"6":{"start":{"line":19,"column":17},"end":{"line":22,"column":3}},"7":{"start":{"line":20,"column":4},"end":{"line":20,"column":23}},"8":{"start":{"line":21,"column":4},"end":{"line":21,"column":24}},"9":{"start":{"line":24,"column":17},"end":{"line":27,"column":3}},"10":{"start":{"line":25,"column":4},"end":{"line":25,"column":57}},"11":{"start":{"line":26,"column":4},"end":{"line":26,"column":22}},"12":{"start":{"line":29,"column":22},"end":{"line":33,"column":3}},"13":{"start":{"line":30,"column":25},"end":{"line":30,"column":85}},"14":{"start":{"line":31,"column":4},"end":{"line":31,"column":27}},"15":{"start":{"line":32,"column":4},"end":{"line":32,"column":48}},"16":{"start":{"line":35,"column":2},"end":{"line":71,"column":4}},"17":{"start":{"line":49,"column":12},"end":{"line":49,"column":35}},"18":{"start":{"line":59,"column":12},"end":{"line":59,"column":37}}},"fnMap":{"0":{"name":"(anonymous_0)","decl":{"start":{"line":9,"column":15},"end":{"line":9,"column":16}},"loc":{"start":{"line":9,"column":21},"end":{"line":72,"column":1}},"line":9},"1":{"name":"(anonymous_1)","decl":{"start":{"line":19,"column":17},"end":{"line":19,"column":18}},"loc":{"start":{"line":19,"column":31},"end":{"line":22,"column":3}},"line":19},"2":{"name":"(anonymous_2)","decl":{"start":{"line":24,"column":17},"end":{"line":24,"column":18}},"loc":{"start":{"line":24,"column":23},"end":{"line":27,"column":3}},"line":24},"3":{"name":"(anonymous_3)","decl":{"start":{"line":29,"column":22},"end":{"line":29,"column":23}},"loc":{"start":{"line":29,"column":28},"end":{"line":33,"column":3}},"line":29},"4":{"name":"(anonymous_4)","decl":{"start":{"line":48,"column":19},"end":{"line":48,"column":20}},"loc":{"start":{"line":48,"column":26},"end":{"line":50,"column":11}},"line":48},"5":{"name":"(anonymous_5)","decl":{"start":{"line":58,"column":19},"end":{"line":58,"column":20}},"loc":{"start":{"line":58,"column":26},"end":{"line":60,"column":11}},"line":58}},"branchMap":{"0":{"loc":{"start":{"line":30,"column":25},"end":{"line":30,"column":85}},"type":"cond-expr","locations":[{"start":{"line":30,"column":69},"end":{"line":30,"column":75}},{"start":{"line":30,"column":78},"end":{"line":30,"column":85}}],"line":30}},"s":{"0":5,"1":1,"2":1,"3":1,"4":1,"5":1,"6":1,"7":0,"8":0,"9":1,"10":0,"11":0,"12":1,"13":0,"14":0,"15":0,"16":1,"17":0,"18":0},"f":{"0":1,"1":0,"2":0,"3":0,"4":0,"5":0},"b":{"0":[0,0]},"_coverageSchema":"43e27e138ebf9cfc5966b082cf9a028302ed4184","hash":"8f3cd461d0ad2c89705edf8fa43a4cb31873e1f0"}
,"C:\\Users\\AxilionBG1\\git\\swapp-react-graphql-apollo\\src\\components\\Header\\styles.js": {"path":"C:\\Users\\AxilionBG1\\git\\swapp-react-graphql-apollo\\src\\components\\Header\\styles.js","statementMap":{"0":{"start":{"line":1,"column":15},"end":{"line":45,"column":2}},"1":{"start":{"line":1,"column":27},"end":{"line":45,"column":1}},"2":{"start":{"line":2,"column":25},"end":{"line":9,"column":3}},"3":{"start":{"line":14,"column":20},"end":{"line":21,"column":3}},"4":{"start":{"line":32,"column":20},"end":{"line":41,"column":3}}},"fnMap":{"0":{"name":"(anonymous_0)","decl":{"start":{"line":1,"column":15},"end":{"line":1,"column":16}},"loc":{"start":{"line":1,"column":27},"end":{"line":45,"column":1}},"line":1},"1":{"name":"(anonymous_1)","decl":{"start":{"line":2,"column":13},"end":{"line":2,"column":14}},"loc":{"start":{"line":2,"column":25},"end":{"line":9,"column":3}},"line":2},"2":{"name":"(anonymous_2)","decl":{"start":{"line":14,"column":8},"end":{"line":14,"column":9}},"loc":{"start":{"line":14,"column":20},"end":{"line":21,"column":3}},"line":14},"3":{"name":"(anonymous_3)","decl":{"start":{"line":32,"column":8},"end":{"line":32,"column":9}},"loc":{"start":{"line":32,"column":20},"end":{"line":41,"column":3}},"line":32}},"branchMap":{},"s":{"0":5,"1":1,"2":1,"3":1,"4":1},"f":{"0":1,"1":1,"2":1,"3":1},"b":{},"_coverageSchema":"43e27e138ebf9cfc5966b082cf9a028302ed4184","hash":"d5c93e9a71ba595a445517295bac72907cb73e2d"}
,"C:\\Users\\AxilionBG1\\git\\swapp-react-graphql-apollo\\src\\components\\ListItems\\index.js": {"path":"C:\\Users\\AxilionBG1\\git\\swapp-react-graphql-apollo\\src\\components\\ListItems\\index.js","statementMap":{"0":{"start":{"line":7,"column":18},"end":{"line":49,"column":1}},"1":{"start":{"line":8,"column":20},"end":{"line":8,"column":38}},"2":{"start":{"line":9,"column":18},"end":{"line":9,"column":29}},"3":{"start":{"line":11,"column":2},"end":{"line":48,"column":4}},"4":{"start":{"line":15,"column":10},"end":{"line":31,"column":17}},"5":{"start":{"line":51,"column":0},"end":{"line":57,"column":2}},"6":{"start":{"line":59,"column":0},"end":{"line":61,"column":2}}},"fnMap":{"0":{"name":"(anonymous_0)","decl":{"start":{"line":7,"column":18},"end":{"line":7,"column":19}},"loc":{"start":{"line":7,"column":92},"end":{"line":49,"column":1}},"line":7},"1":{"name":"(anonymous_1)","decl":{"start":{"line":14,"column":23},"end":{"line":14,"column":24}},"loc":{"start":{"line":15,"column":10},"end":{"line":31,"column":17}},"line":15},"2":{"name":"(anonymous_2)","decl":{"start":{"line":60,"column":19},"end":{"line":60,"column":20}},"loc":{"start":{"line":60,"column":25},"end":{"line":60,"column":28}},"line":60}},"branchMap":{"0":{"loc":{"start":{"line":34,"column":7},"end":{"line":46,"column":7}},"type":"binary-expr","locations":[{"start":{"line":34,"column":7},"end":{"line":34,"column":24}},{"start":{"line":35,"column":8},"end":{"line":45,"column":14}}],"line":34}},"s":{"0":5,"1":1,"2":1,"3":1,"4":2,"5":5,"6":5},"f":{"0":1,"1":2,"2":0},"b":{"0":[1,1]},"_coverageSchema":"43e27e138ebf9cfc5966b082cf9a028302ed4184","hash":"86ae8553c588b1b8f1dd9076d93fa54fa8adb7eb"}
,"C:\\Users\\AxilionBG1\\git\\swapp-react-graphql-apollo\\src\\components\\ListItems\\styles.js": {"path":"C:\\Users\\AxilionBG1\\git\\swapp-react-graphql-apollo\\src\\components\\ListItems\\styles.js","statementMap":{"0":{"start":{"line":1,"column":15},"end":{"line":30,"column":1}}},"fnMap":{},"branchMap":{},"s":{"0":5},"f":{},"b":{},"_coverageSchema":"43e27e138ebf9cfc5966b082cf9a028302ed4184","hash":"64348df6b8b695880ac455f2fc28408f77bcea26"}
,"C:\\Users\\AxilionBG1\\git\\swapp-react-graphql-apollo\\src\\components\\PrivateRoute\\index.js": {"path":"C:\\Users\\AxilionBG1\\git\\swapp-react-graphql-apollo\\src\\components\\PrivateRoute\\index.js","statementMap":{"0":{"start":{"line":6,"column":21},"end":{"line":14,"column":1}},"1":{"start":{"line":7,"column":2},"end":{"line":13,"column":4}},"2":{"start":{"line":10,"column":6},"end":{"line":11,"column":55}},"3":{"start":{"line":16,"column":0},"end":{"line":20,"column":2}}},"fnMap":{"0":{"name":"(anonymous_0)","decl":{"start":{"line":6,"column":21},"end":{"line":6,"column":22}},"loc":{"start":{"line":7,"column":2},"end":{"line":13,"column":4}},"line":7},"1":{"name":"(anonymous_1)","decl":{"start":{"line":9,"column":12},"end":{"line":9,"column":13}},"loc":{"start":{"line":10,"column":6},"end":{"line":11,"column":55}},"line":10}},"branchMap":{"0":{"loc":{"start":{"line":10,"column":6},"end":{"line":11,"column":55}},"type":"cond-expr","locations":[{"start":{"line":10,"column":22},"end":{"line":10,"column":46}},{"start":{"line":11,"column":11},"end":{"line":11,"column":54}}],"line":10}},"s":{"0":5,"1":1,"2":1,"3":5},"f":{"0":1,"1":1},"b":{"0":[0,1]},"_coverageSchema":"43e27e138ebf9cfc5966b082cf9a028302ed4184","hash":"06e7ebf01fa1ffd8bd5270c64ffa8e6728d6b683"}
,"C:\\Users\\AxilionBG1\\git\\swapp-react-graphql-apollo\\src\\contexts\\ThemeContext.js": {"path":"C:\\Users\\AxilionBG1\\git\\swapp-react-graphql-apollo\\src\\contexts\\ThemeContext.js","statementMap":{"0":{"start":{"line":3,"column":21},"end":{"line":6,"column":2}}},"fnMap":{"0":{"name":"(anonymous_0)","decl":{"start":{"line":5,"column":12},"end":{"line":5,"column":13}},"loc":{"start":{"line":5,"column":18},"end":{"line":5,"column":21}},"line":5}},"branchMap":{},"s":{"0":5},"f":{"0":0},"b":{},"_coverageSchema":"43e27e138ebf9cfc5966b082cf9a028302ed4184","hash":"6ed5dbf062f08c2988ec21f87934144b5520c156"}
,"C:\\Users\\AxilionBG1\\git\\swapp-react-graphql-apollo\\src\\router\\index.js": {"path":"C:\\Users\\AxilionBG1\\git\\swapp-react-graphql-apollo\\src\\router\\index.js","statementMap":{"0":{"start":{"line":10,"column":18},"end":{"line":32,"column":1}},"1":{"start":{"line":11,"column":28},"end":{"line":11,"column":77}},"2":{"start":{"line":12,"column":18},"end":{"line":12,"column":85}},"3":{"start":{"line":13,"column":23},"end":{"line":13,"column":40}},"4":{"start":{"line":15,"column":2},"end":{"line":31,"column":4}},"5":{"start":{"line":26,"column":39},"end":{"line":26,"column":66}}},"fnMap":{"0":{"name":"(anonymous_0)","decl":{"start":{"line":10,"column":18},"end":{"line":10,"column":19}},"loc":{"start":{"line":10,"column":24},"end":{"line":32,"column":1}},"line":10},"1":{"name":"(anonymous_1)","decl":{"start":{"line":26,"column":33},"end":{"line":26,"column":34}},"loc":{"start":{"line":26,"column":39},"end":{"line":26,"column":66}},"line":26}},"branchMap":{"0":{"loc":{"start":{"line":11,"column":37},"end":{"line":11,"column":76}},"type":"binary-expr","locations":[{"start":{"line":11,"column":37},"end":{"line":11,"column":66}},{"start":{"line":11,"column":70},"end":{"line":11,"column":76}}],"line":11},"1":{"loc":{"start":{"line":12,"column":46},"end":{"line":12,"column":82}},"type":"cond-expr","locations":[{"start":{"line":12,"column":66},"end":{"line":12,"column":73}},{"start":{"line":12,"column":76},"end":{"line":12,"column":82}}],"line":12}},"s":{"0":1,"1":1,"2":1,"3":1,"4":1,"5":1},"f":{"0":1,"1":1},"b":{"0":[1,1],"1":[0,1]},"_coverageSchema":"43e27e138ebf9cfc5966b082cf9a028302ed4184","hash":"b5efc165f0e5d2a846e6a6ad92a95ade7ffbc08f"}
,"C:\\Users\\AxilionBG1\\git\\swapp-react-graphql-apollo\\src\\router\\styles.js": {"path":"C:\\Users\\AxilionBG1\\git\\swapp-react-graphql-apollo\\src\\router\\styles.js","statementMap":{"0":{"start":{"line":1,"column":15},"end":{"line":13,"column":2}},"1":{"start":{"line":1,"column":27},"end":{"line":13,"column":1}},"2":{"start":{"line":2,"column":25},"end":{"line":12,"column":3}}},"fnMap":{"0":{"name":"(anonymous_0)","decl":{"start":{"line":1,"column":15},"end":{"line":1,"column":16}},"loc":{"start":{"line":1,"column":27},"end":{"line":13,"column":1}},"line":1},"1":{"name":"(anonymous_1)","decl":{"start":{"line":2,"column":13},"end":{"line":2,"column":14}},"loc":{"start":{"line":2,"column":25},"end":{"line":12,"column":3}},"line":2}},"branchMap":{},"s":{"0":1,"1":1,"2":1},"f":{"0":1,"1":1},"b":{},"_coverageSchema":"43e27e138ebf9cfc5966b082cf9a028302ed4184","hash":"7c94bec32f7e1ae8d117cdcb4f27920e89da45c9"}
,"C:\\Users\\AxilionBG1\\git\\swapp-react-graphql-apollo\\src\\screens\\index.js": {"path":"C:\\Users\\AxilionBG1\\git\\swapp-react-graphql-apollo\\src\\screens\\index.js","statementMap":{},"fnMap":{},"branchMap":{},"s":{},"f":{},"b":{},"_coverageSchema":"43e27e138ebf9cfc5966b082cf9a028302ed4184","hash":"6f0d0ca6f7b7beea0507a95b7d6f331307adb6ba"}
,"C:\\Users\\AxilionBG1\\git\\swapp-react-graphql-apollo\\src\\screens\\CharacterDetails\\index.js": {"path":"C:\\Users\\AxilionBG1\\git\\swapp-react-graphql-apollo\\src\\screens\\CharacterDetails\\index.js","statementMap":{"0":{"start":{"line":12,"column":25},"end":{"line":79,"column":1}},"1":{"start":{"line":13,"column":18},"end":{"line":13,"column":38}},"2":{"start":{"line":14,"column":26},"end":{"line":14,"column":37}},"3":{"start":{"line":16,"column":28},"end":{"line":18,"column":4}},"4":{"start":{"line":20,"column":2},"end":{"line":22,"column":3}},"5":{"start":{"line":21,"column":4},"end":{"line":21,"column":34}},"6":{"start":{"line":24,"column":23},"end":{"line":28,"column":5}},"7":{"start":{"line":24,"column":91},"end":{"line":28,"column":3}},"8":{"start":{"line":30,"column":2},"end":{"line":78,"column":4}}},"fnMap":{"0":{"name":"(anonymous_0)","decl":{"start":{"line":12,"column":25},"end":{"line":12,"column":26}},"loc":{"start":{"line":12,"column":31},"end":{"line":79,"column":1}},"line":12},"1":{"name":"(anonymous_1)","decl":{"start":{"line":24,"column":55},"end":{"line":24,"column":56}},"loc":{"start":{"line":24,"column":91},"end":{"line":28,"column":3}},"line":24}},"branchMap":{"0":{"loc":{"start":{"line":20,"column":2},"end":{"line":22,"column":3}},"type":"if","locations":[{"start":{"line":20,"column":2},"end":{"line":22,"column":3}},{"start":{"line":20,"column":2},"end":{"line":22,"column":3}}],"line":20}},"s":{"0":2,"1":1,"2":1,"3":1,"4":1,"5":1,"6":0,"7":0,"8":0},"f":{"0":1,"1":0},"b":{"0":[1,0]},"_coverageSchema":"43e27e138ebf9cfc5966b082cf9a028302ed4184","hash":"c53a721a0aa3febc82993fbf973973519bf099d0"}
,"C:\\Users\\AxilionBG1\\git\\swapp-react-graphql-apollo\\src\\screens\\CharacterDetails\\styles.js": {"path":"C:\\Users\\AxilionBG1\\git\\swapp-react-graphql-apollo\\src\\screens\\CharacterDetails\\styles.js","statementMap":{"0":{"start":{"line":1,"column":15},"end":{"line":19,"column":2}},"1":{"start":{"line":1,"column":22},"end":{"line":19,"column":1}}},"fnMap":{"0":{"name":"(anonymous_0)","decl":{"start":{"line":1,"column":15},"end":{"line":1,"column":16}},"loc":{"start":{"line":1,"column":22},"end":{"line":19,"column":1}},"line":1}},"branchMap":{},"s":{"0":2,"1":1},"f":{"0":1},"b":{},"_coverageSchema":"43e27e138ebf9cfc5966b082cf9a028302ed4184","hash":"f2b1541ba6c78e6ecd493fc75e636a21684d56c5"}
,"C:\\Users\\AxilionBG1\\git\\swapp-react-graphql-apollo\\src\\screens\\Characters\\index.js": {"path":"C:\\Users\\AxilionBG1\\git\\swapp-react-graphql-apollo\\src\\screens\\Characters\\index.js","statementMap":{"0":{"start":{"line":9,"column":19},"end":{"line":58,"column":1}},"1":{"start":{"line":10,"column":18},"end":{"line":10,"column":38}},"2":{"start":{"line":12,"column":39},"end":{"line":14,"column":4}},"3":{"start":{"line":16,"column":2},"end":{"line":18,"column":3}},"4":{"start":{"line":17,"column":4},"end":{"line":17,"column":34}},"5":{"start":{"line":20,"column":23},"end":{"line":35,"column":3}},"6":{"start":{"line":21,"column":26},"end":{"line":21,"column":86}},"7":{"start":{"line":23,"column":4},"end":{"line":34,"column":7}},"8":{"start":{"line":25,"column":66},"end":{"line":33,"column":7}},"9":{"start":{"line":37,"column":24},"end":{"line":41,"column":5}},"10":{"start":{"line":37,"column":85},"end":{"line":41,"column":3}},"11":{"start":{"line":42,"column":28},"end":{"line":42,"column":63}},"12":{"start":{"line":44,"column":2},"end":{"line":57,"column":4}}},"fnMap":{"0":{"name":"(anonymous_0)","decl":{"start":{"line":9,"column":19},"end":{"line":9,"column":20}},"loc":{"start":{"line":9,"column":25},"end":{"line":58,"column":1}},"line":9},"1":{"name":"(anonymous_1)","decl":{"start":{"line":20,"column":23},"end":{"line":20,"column":24}},"loc":{"start":{"line":20,"column":29},"end":{"line":35,"column":3}},"line":20},"2":{"name":"(anonymous_2)","decl":{"start":{"line":25,"column":19},"end":{"line":25,"column":20}},"loc":{"start":{"line":25,"column":66},"end":{"line":33,"column":7}},"line":25},"3":{"name":"(anonymous_3)","decl":{"start":{"line":37,"column":49},"end":{"line":37,"column":50}},"loc":{"start":{"line":37,"column":85},"end":{"line":41,"column":3}},"line":37}},"branchMap":{"0":{"loc":{"start":{"line":16,"column":2},"end":{"line":18,"column":3}},"type":"if","locations":[{"start":{"line":16,"column":2},"end":{"line":18,"column":3}},{"start":{"line":16,"column":2},"end":{"line":18,"column":3}}],"line":16}},"s":{"0":2,"1":0,"2":0,"3":0,"4":0,"5":0,"6":0,"7":0,"8":0,"9":0,"10":0,"11":0,"12":0},"f":{"0":0,"1":0,"2":0,"3":0},"b":{"0":[0,0]},"_coverageSchema":"43e27e138ebf9cfc5966b082cf9a028302ed4184","hash":"df77056cf9cb1fc8aa787e2be7b69c62f3f07775"}
,"C:\\Users\\AxilionBG1\\git\\swapp-react-graphql-apollo\\src\\screens\\Characters\\styles.js": {"path":"C:\\Users\\AxilionBG1\\git\\swapp-react-graphql-apollo\\src\\screens\\Characters\\styles.js","statementMap":{"0":{"start":{"line":1,"column":15},"end":{"line":8,"column":2}},"1":{"start":{"line":1,"column":22},"end":{"line":8,"column":1}}},"fnMap":{"0":{"name":"(anonymous_0)","decl":{"start":{"line":1,"column":15},"end":{"line":1,"column":16}},"loc":{"start":{"line":1,"column":22},"end":{"line":8,"column":1}},"line":1}},"branchMap":{},"s":{"0":2,"1":0},"f":{"0":0},"b":{},"_coverageSchema":"43e27e138ebf9cfc5966b082cf9a028302ed4184","hash":"3bc9aa02a3c55618cd02df03558b156573524f26"}
,"C:\\Users\\AxilionBG1\\git\\swapp-react-graphql-apollo\\src\\screens\\EpisodeDetails\\index.js": {"path":"C:\\Users\\AxilionBG1\\git\\swapp-react-graphql-apollo\\src\\screens\\EpisodeDetails\\index.js","statementMap":{"0":{"start":{"line":10,"column":19},"end":{"line":89,"column":1}},"1":{"start":{"line":11,"column":18},"end":{"line":11,"column":38}},"2":{"start":{"line":12,"column":24},"end":{"line":12,"column":35}},"3":{"start":{"line":14,"column":39},"end":{"line":16,"column":4}},"4":{"start":{"line":18,"column":2},"end":{"line":20,"column":3}},"5":{"start":{"line":19,"column":4},"end":{"line":19,"column":34}},"6":{"start":{"line":22,"column":23},"end":{"line":37,"column":3}},"7":{"start":{"line":23,"column":26},"end":{"line":23,"column":96}},"8":{"start":{"line":25,"column":4},"end":{"line":36,"column":7}},"9":{"start":{"line":27,"column":64},"end":{"line":35,"column":7}},"10":{"start":{"line":39,"column":24},"end":{"line":43,"column":5}},"11":{"start":{"line":39,"column":90},"end":{"line":43,"column":3}},"12":{"start":{"line":44,"column":28},"end":{"line":44,"column":68}},"13":{"start":{"line":46,"column":2},"end":{"line":88,"column":4}}},"fnMap":{"0":{"name":"(anonymous_0)","decl":{"start":{"line":10,"column":19},"end":{"line":10,"column":20}},"loc":{"start":{"line":10,"column":25},"end":{"line":89,"column":1}},"line":10},"1":{"name":"(anonymous_1)","decl":{"start":{"line":22,"column":23},"end":{"line":22,"column":24}},"loc":{"start":{"line":22,"column":29},"end":{"line":37,"column":3}},"line":22},"2":{"name":"(anonymous_2)","decl":{"start":{"line":27,"column":19},"end":{"line":27,"column":20}},"loc":{"start":{"line":27,"column":64},"end":{"line":35,"column":7}},"line":27},"3":{"name":"(anonymous_3)","decl":{"start":{"line":39,"column":54},"end":{"line":39,"column":55}},"loc":{"start":{"line":39,"column":90},"end":{"line":43,"column":3}},"line":39}},"branchMap":{"0":{"loc":{"start":{"line":18,"column":2},"end":{"line":20,"column":3}},"type":"if","locations":[{"start":{"line":18,"column":2},"end":{"line":20,"column":3}},{"start":{"line":18,"column":2},"end":{"line":20,"column":3}}],"line":18}},"s":{"0":2,"1":0,"2":0,"3":0,"4":0,"5":0,"6":0,"7":0,"8":0,"9":0,"10":0,"11":0,"12":0,"13":0},"f":{"0":0,"1":0,"2":0,"3":0},"b":{"0":[0,0]},"_coverageSchema":"43e27e138ebf9cfc5966b082cf9a028302ed4184","hash":"64aabc84d1f285ae14dd02cafd6b702f3a5b92ca"}
,"C:\\Users\\AxilionBG1\\git\\swapp-react-graphql-apollo\\src\\screens\\EpisodeDetails\\styles.js": {"path":"C:\\Users\\AxilionBG1\\git\\swapp-react-graphql-apollo\\src\\screens\\EpisodeDetails\\styles.js","statementMap":{"0":{"start":{"line":1,"column":15},"end":{"line":34,"column":2}},"1":{"start":{"line":1,"column":22},"end":{"line":34,"column":1}}},"fnMap":{"0":{"name":"(anonymous_0)","decl":{"start":{"line":1,"column":15},"end":{"line":1,"column":16}},"loc":{"start":{"line":1,"column":22},"end":{"line":34,"column":1}},"line":1}},"branchMap":{},"s":{"0":2,"1":0},"f":{"0":0},"b":{},"_coverageSchema":"43e27e138ebf9cfc5966b082cf9a028302ed4184","hash":"4497069b7532d4958db8e4cde06ac17a5dc1e646"}
,"C:\\Users\\AxilionBG1\\git\\swapp-react-graphql-apollo\\src\\screens\\Episodes\\index.js": {"path":"C:\\Users\\AxilionBG1\\git\\swapp-react-graphql-apollo\\src\\screens\\Episodes\\index.js","statementMap":{"0":{"start":{"line":13,"column":17},"end":{"line":63,"column":1}},"1":{"start":{"line":14,"column":18},"end":{"line":14,"column":38}},"2":{"start":{"line":16,"column":28},"end":{"line":18,"column":4}},"3":{"start":{"line":20,"column":2},"end":{"line":22,"column":3}},"4":{"start":{"line":21,"column":4},"end":{"line":21,"column":34}},"5":{"start":{"line":24,"column":19},"end":{"line":29,"column":5}},"6":{"start":{"line":24,"column":97},"end":{"line":29,"column":3}},"7":{"start":{"line":31,"column":2},"end":{"line":62,"column":4}},"8":{"start":{"line":38,"column":14},"end":{"line":56,"column":21}}},"fnMap":{"0":{"name":"(anonymous_0)","decl":{"start":{"line":13,"column":17},"end":{"line":13,"column":18}},"loc":{"start":{"line":13,"column":23},"end":{"line":63,"column":1}},"line":13},"1":{"name":"(anonymous_1)","decl":{"start":{"line":24,"column":46},"end":{"line":24,"column":47}},"loc":{"start":{"line":24,"column":97},"end":{"line":29,"column":3}},"line":24},"2":{"name":"(anonymous_2)","decl":{"start":{"line":37,"column":26},"end":{"line":37,"column":27}},"loc":{"start":{"line":38,"column":14},"end":{"line":56,"column":21}},"line":38}},"branchMap":{"0":{"loc":{"start":{"line":20,"column":2},"end":{"line":22,"column":3}},"type":"if","locations":[{"start":{"line":20,"column":2},"end":{"line":22,"column":3}},{"start":{"line":20,"column":2},"end":{"line":22,"column":3}}],"line":20}},"s":{"0":2,"1":0,"2":0,"3":0,"4":0,"5":0,"6":0,"7":0,"8":0},"f":{"0":0,"1":0,"2":0},"b":{"0":[0,0]},"_coverageSchema":"43e27e138ebf9cfc5966b082cf9a028302ed4184","hash":"e160d7375eb86b0fd71e3b079dfb7382324d0fd3"}
,"C:\\Users\\AxilionBG1\\git\\swapp-react-graphql-apollo\\src\\screens\\Episodes\\styles.js": {"path":"C:\\Users\\AxilionBG1\\git\\swapp-react-graphql-apollo\\src\\screens\\Episodes\\styles.js","statementMap":{"0":{"start":{"line":1,"column":15},"end":{"line":27,"column":2}},"1":{"start":{"line":1,"column":22},"end":{"line":27,"column":1}}},"fnMap":{"0":{"name":"(anonymous_0)","decl":{"start":{"line":1,"column":15},"end":{"line":1,"column":16}},"loc":{"start":{"line":1,"column":22},"end":{"line":27,"column":1}},"line":1}},"branchMap":{},"s":{"0":2,"1":0},"f":{"0":0},"b":{},"_coverageSchema":"43e27e138ebf9cfc5966b082cf9a028302ed4184","hash":"8806bdfb753d874499b4446efeb502e77b704003"}
,"C:\\Users\\AxilionBG1\\git\\swapp-react-graphql-apollo\\src\\screens\\Login\\index.js": {"path":"C:\\Users\\AxilionBG1\\git\\swapp-react-graphql-apollo\\src\\screens\\Login\\index.js","statementMap":{"0":{"start":{"line":13,"column":14},"end":{"line":123,"column":1}},"1":{"start":{"line":14,"column":18},"end":{"line":14,"column":38}},"2":{"start":{"line":15,"column":18},"end":{"line":15,"column":30}},"3":{"start":{"line":16,"column":17},"end":{"line":16,"column":34}},"4":{"start":{"line":17,"column":42},"end":{"line":17,"column":56}},"5":{"start":{"line":20,"column":6},"end":{"line":20,"column":30}},"6":{"start":{"line":22,"column":31},"end":{"line":31,"column":4}},"7":{"start":{"line":24,"column":6},"end":{"line":24,"column":43}},"8":{"start":{"line":25,"column":6},"end":{"line":25,"column":58}},"9":{"start":{"line":26,"column":6},"end":{"line":26,"column":32}},"10":{"start":{"line":29,"column":6},"end":{"line":29,"column":46}},"11":{"start":{"line":33,"column":30},"end":{"line":36,"column":4}},"12":{"start":{"line":38,"column":23},"end":{"line":44,"column":3}},"13":{"start":{"line":39,"column":22},"end":{"line":39,"column":32}},"14":{"start":{"line":40,"column":4},"end":{"line":43,"column":7}},"15":{"start":{"line":46,"column":20},"end":{"line":48,"column":3}},"16":{"start":{"line":47,"column":4},"end":{"line":47,"column":77}},"17":{"start":{"line":50,"column":2},"end":{"line":52,"column":9}},"18":{"start":{"line":51,"column":4},"end":{"line":51,"column":37}},"19":{"start":{"line":54,"column":2},"end":{"line":58,"column":3}},"20":{"start":{"line":55,"column":4},"end":{"line":57,"column":6}},"21":{"start":{"line":60,"column":2},"end":{"line":122,"column":4}},"22":{"start":{"line":67,"column":31},"end":{"line":67,"column":91}},"23":{"start":{"line":68,"column":10},"end":{"line":68,"column":33}},"24":{"start":{"line":69,"column":10},"end":{"line":69,"column":54}}},"fnMap":{"0":{"name":"(anonymous_0)","decl":{"start":{"line":13,"column":14},"end":{"line":13,"column":15}},"loc":{"start":{"line":13,"column":20},"end":{"line":123,"column":1}},"line":13},"1":{"name":"(anonymous_1)","decl":{"start":{"line":23,"column":17},"end":{"line":23,"column":18}},"loc":{"start":{"line":23,"column":44},"end":{"line":27,"column":5}},"line":23},"2":{"name":"(anonymous_2)","decl":{"start":{"line":28,"column":13},"end":{"line":28,"column":14}},"loc":{"start":{"line":28,"column":19},"end":{"line":30,"column":5}},"line":28},"3":{"name":"(anonymous_3)","decl":{"start":{"line":38,"column":23},"end":{"line":38,"column":24}},"loc":{"start":{"line":38,"column":32},"end":{"line":44,"column":3}},"line":38},"4":{"name":"(anonymous_4)","decl":{"start":{"line":46,"column":20},"end":{"line":46,"column":21}},"loc":{"start":{"line":46,"column":26},"end":{"line":48,"column":3}},"line":46},"5":{"name":"(anonymous_5)","decl":{"start":{"line":50,"column":12},"end":{"line":50,"column":13}},"loc":{"start":{"line":50,"column":18},"end":{"line":52,"column":3}},"line":50},"6":{"name":"(anonymous_6)","decl":{"start":{"line":66,"column":17},"end":{"line":66,"column":18}},"loc":{"start":{"line":66,"column":23},"end":{"line":70,"column":9}},"line":66}},"branchMap":{"0":{"loc":{"start":{"line":54,"column":2},"end":{"line":58,"column":3}},"type":"if","locations":[{"start":{"line":54,"column":2},"end":{"line":58,"column":3}},{"start":{"line":54,"column":2},"end":{"line":58,"column":3}}],"line":54},"1":{"loc":{"start":{"line":67,"column":31},"end":{"line":67,"column":91}},"type":"cond-expr","locations":[{"start":{"line":67,"column":75},"end":{"line":67,"column":81}},{"start":{"line":67,"column":84},"end":{"line":67,"column":91}}],"line":67},"2":{"loc":{"start":{"line":78,"column":15},"end":{"line":84,"column":15}},"type":"binary-expr","locations":[{"start":{"line":78,"column":15},"end":{"line":78,"column":27}},{"start":{"line":79,"column":16},"end":{"line":83,"column":23}}],"line":78}},"s":{"0":2,"1":1,"2":1,"3":1,"4":1,"5":1,"6":1,"7":0,"8":0,"9":0,"10":0,"11":1,"12":1,"13":0,"14":0,"15":1,"16":0,"17":1,"18":1,"19":1,"20":0,"21":1,"22":0,"23":0,"24":0},"f":{"0":1,"1":0,"2":0,"3":0,"4":0,"5":1,"6":0},"b":{"0":[0,1],"1":[0,0],"2":[1,0]},"_coverageSchema":"43e27e138ebf9cfc5966b082cf9a028302ed4184","hash":"3b9ab63c4127482a53c59aa305af82e8694d4a46"}
,"C:\\Users\\AxilionBG1\\git\\swapp-react-graphql-apollo\\src\\screens\\Login\\styles.js": {"path":"C:\\Users\\AxilionBG1\\git\\swapp-react-graphql-apollo\\src\\screens\\Login\\styles.js","statementMap":{"0":{"start":{"line":1,"column":15},"end":{"line":15,"column":2}},"1":{"start":{"line":1,"column":22},"end":{"line":15,"column":1}}},"fnMap":{"0":{"name":"(anonymous_0)","decl":{"start":{"line":1,"column":15},"end":{"line":1,"column":16}},"loc":{"start":{"line":1,"column":22},"end":{"line":15,"column":1}},"line":1}},"branchMap":{},"s":{"0":2,"1":1},"f":{"0":1},"b":{},"_coverageSchema":"43e27e138ebf9cfc5966b082cf9a028302ed4184","hash":"8d5f5ba9082e27d514076632b97a0ec738f0eb14"}
,"C:\\Users\\AxilionBG1\\git\\swapp-react-graphql-apollo\\src\\screens\\StarshipDetails\\index.js": {"path":"C:\\Users\\AxilionBG1\\git\\swapp-react-graphql-apollo\\src\\screens\\StarshipDetails\\index.js","statementMap":{"0":{"start":{"line":10,"column":24},"end":{"line":81,"column":1}},"1":{"start":{"line":11,"column":18},"end":{"line":11,"column":38}},"2":{"start":{"line":12,"column":25},"end":{"line":12,"column":36}},"3":{"start":{"line":14,"column":28},"end":{"line":16,"column":4}},"4":{"start":{"line":18,"column":2},"end":{"line":20,"column":3}},"5":{"start":{"line":19,"column":4},"end":{"line":19,"column":34}},"6":{"start":{"line":30,"column":8},"end":{"line":30,"column":12}},"7":{"start":{"line":33,"column":2},"end":{"line":80,"column":4}}},"fnMap":{"0":{"name":"(anonymous_0)","decl":{"start":{"line":10,"column":24},"end":{"line":10,"column":25}},"loc":{"start":{"line":10,"column":30},"end":{"line":81,"column":1}},"line":10}},"branchMap":{"0":{"loc":{"start":{"line":18,"column":2},"end":{"line":20,"column":3}},"type":"if","locations":[{"start":{"line":18,"column":2},"end":{"line":20,"column":3}},{"start":{"line":18,"column":2},"end":{"line":20,"column":3}}],"line":18}},"s":{"0":2,"1":0,"2":0,"3":0,"4":0,"5":0,"6":0,"7":0},"f":{"0":0},"b":{"0":[0,0]},"_coverageSchema":"43e27e138ebf9cfc5966b082cf9a028302ed4184","hash":"7b00f4b0e287854ebb9f1fe898f5d26c9b100e68"}
,"C:\\Users\\AxilionBG1\\git\\swapp-react-graphql-apollo\\src\\screens\\StarshipDetails\\styles.js": {"path":"C:\\Users\\AxilionBG1\\git\\swapp-react-graphql-apollo\\src\\screens\\StarshipDetails\\styles.js","statementMap":{"0":{"start":{"line":1,"column":15},"end":{"line":19,"column":2}},"1":{"start":{"line":1,"column":22},"end":{"line":19,"column":1}}},"fnMap":{"0":{"name":"(anonymous_0)","decl":{"start":{"line":1,"column":15},"end":{"line":1,"column":16}},"loc":{"start":{"line":1,"column":22},"end":{"line":19,"column":1}},"line":1}},"branchMap":{},"s":{"0":2,"1":0},"f":{"0":0},"b":{},"_coverageSchema":"43e27e138ebf9cfc5966b082cf9a028302ed4184","hash":"8adfdae55a7dd41288783850344dca1eddd69a06"}
,"C:\\Users\\AxilionBG1\\git\\swapp-react-graphql-apollo\\src\\utils\\useIsAuthorized.js": {"path":"C:\\Users\\AxilionBG1\\git\\swapp-react-graphql-apollo\\src\\utils\\useIsAuthorized.js","statementMap":{"0":{"start":{"line":4,"column":31},"end":{"line":8,"column":1}},"1":{"start":{"line":5,"column":19},"end":{"line":5,"column":39}},"2":{"start":{"line":7,"column":2},"end":{"line":7,"column":43}}},"fnMap":{"0":{"name":"(anonymous_0)","decl":{"start":{"line":4,"column":31},"end":{"line":4,"column":32}},"loc":{"start":{"line":4,"column":37},"end":{"line":8,"column":1}},"line":4}},"branchMap":{"0":{"loc":{"start":{"line":7,"column":9},"end":{"line":7,"column":42}},"type":"cond-expr","locations":[{"start":{"line":7,"column":16},"end":{"line":7,"column":34}},{"start":{"line":7,"column":37},"end":{"line":7,"column":42}}],"line":7}},"s":{"0":1,"1":1,"2":1},"f":{"0":1},"b":{"0":[0,1]},"_coverageSchema":"43e27e138ebf9cfc5966b082cf9a028302ed4184","hash":"01e2d34393dcd8c074f8b007c6da605cbd790c90"}
}
