TN:
SF:C:\Users\AxilionBG1\git\swapp-react-graphql-apollo\src\theme.js
FNF:0
FNH:0
DA:4,3
LF:1
LH:1
BRF:0
BRH:0
end_of_record
TN:
SF:C:\Users\AxilionBG1\git\swapp-react-graphql-apollo\src\components\index.js
FNF:0
FNH:0
LF:0
LH:0
BRF:0
BRH:0
end_of_record
TN:
SF:C:\Users\AxilionBG1\git\swapp-react-graphql-apollo\src\components\DetailsCard\index.js
FN:7,(anonymous_0)
FN:25,(anonymous_1)
FNF:2
FNH:2
FNDA:1,(anonymous_0)
FNDA:1,(anonymous_1)
DA:7,5
DA:10,1
DA:11,1
DA:12,1
DA:14,1
DA:26,1
DA:43,5
LF:7
LH:7
BRF:0
BRH:0
end_of_record
TN:
SF:C:\Users\AxilionBG1\git\swapp-react-graphql-apollo\src\components\DetailsCard\styles.js
FN:1,(anonymous_0)
FNF:1
FNH:1
FNDA:1,(anonymous_0)
DA:1,5
LF:1
LH:1
BRF:0
BRH:0
end_of_record
TN:
SF:C:\Users\AxilionBG1\git\swapp-react-graphql-apollo\src\components\Header\index.js
FN:9,(anonymous_0)
FN:19,(anonymous_1)
FN:24,(anonymous_2)
FN:29,(anonymous_3)
FN:48,(anonymous_4)
FN:58,(anonymous_5)
FNF:6
FNH:1
FNDA:1,(anonymous_0)
FNDA:0,(anonymous_1)
FNDA:0,(anonymous_2)
FNDA:0,(anonymous_3)
FNDA:0,(anonymous_4)
FNDA:0,(anonymous_5)
DA:9,5
DA:13,1
DA:14,1
DA:15,1
DA:16,1
DA:17,1
DA:19,1
DA:20,0
DA:21,0
DA:24,1
DA:25,0
DA:26,0
DA:29,1
DA:30,0
DA:31,0
DA:32,0
DA:35,1
DA:49,0
DA:59,0
LF:19
LH:10
BRDA:30,0,0,0
BRDA:30,0,1,0
BRF:2
BRH:0
end_of_record
TN:
SF:C:\Users\AxilionBG1\git\swapp-react-graphql-apollo\src\components\Header\styles.js
FN:1,(anonymous_0)
FN:2,(anonymous_1)
FN:14,(anonymous_2)
FN:32,(anonymous_3)
FNF:4
FNH:4
FNDA:1,(anonymous_0)
FNDA:1,(anonymous_1)
FNDA:1,(anonymous_2)
FNDA:1,(anonymous_3)
DA:1,5
DA:2,1
DA:14,1
DA:32,1
LF:4
LH:4
BRF:0
BRH:0
end_of_record
TN:
SF:C:\Users\AxilionBG1\git\swapp-react-graphql-apollo\src\components\ListItems\index.js
FN:7,(anonymous_0)
FN:14,(anonymous_1)
FN:60,(anonymous_2)
FNF:3
FNH:2
FNDA:1,(anonymous_0)
FNDA:2,(anonymous_1)
FNDA:0,(anonymous_2)
DA:7,5
DA:8,1
DA:9,1
DA:11,1
DA:15,2
DA:51,5
DA:59,5
LF:7
LH:7
BRDA:34,0,0,1
BRDA:34,0,1,1
BRF:2
BRH:2
end_of_record
TN:
SF:C:\Users\AxilionBG1\git\swapp-react-graphql-apollo\src\components\ListItems\styles.js
FNF:0
FNH:0
DA:1,5
LF:1
LH:1
BRF:0
BRH:0
end_of_record
TN:
SF:C:\Users\AxilionBG1\git\swapp-react-graphql-apollo\src\components\PrivateRoute\index.js
FN:6,(anonymous_0)
FN:9,(anonymous_1)
FNF:2
FNH:2
FNDA:1,(anonymous_0)
FNDA:1,(anonymous_1)
DA:6,5
DA:7,1
DA:10,1
DA:16,5
LF:4
LH:4
BRDA:10,0,0,0
BRDA:10,0,1,1
BRF:2
BRH:1
end_of_record
TN:
SF:C:\Users\AxilionBG1\git\swapp-react-graphql-apollo\src\contexts\ThemeContext.js
FN:5,(anonymous_0)
FNF:1
FNH:0
FNDA:0,(anonymous_0)
DA:3,5
LF:1
LH:1
BRF:0
BRH:0
end_of_record
TN:
SF:C:\Users\AxilionBG1\git\swapp-react-graphql-apollo\src\router\index.js
FN:10,(anonymous_0)
FN:26,(anonymous_1)
FNF:2
FNH:2
FNDA:1,(anonymous_0)
FNDA:1,(anonymous_1)
DA:10,1
DA:11,1
DA:12,1
DA:13,1
DA:15,1
DA:26,1
LF:6
LH:6
BRDA:11,0,0,1
BRDA:11,0,1,1
BRDA:12,1,0,0
BRDA:12,1,1,1
BRF:4
BRH:3
end_of_record
TN:
SF:C:\Users\AxilionBG1\git\swapp-react-graphql-apollo\src\router\styles.js
FN:1,(anonymous_0)
FN:2,(anonymous_1)
FNF:2
FNH:2
FNDA:1,(anonymous_0)
FNDA:1,(anonymous_1)
DA:1,1
DA:2,1
LF:2
LH:2
BRF:0
BRH:0
end_of_record
TN:
SF:C:\Users\AxilionBG1\git\swapp-react-graphql-apollo\src\screens\index.js
FNF:0
FNH:0
LF:0
LH:0
BRF:0
BRH:0
end_of_record
TN:
SF:C:\Users\AxilionBG1\git\swapp-react-graphql-apollo\src\screens\CharacterDetails\index.js
FN:12,(anonymous_0)
FN:24,(anonymous_1)
FNF:2
FNH:1
FNDA:1,(anonymous_0)
FNDA:0,(anonymous_1)
DA:12,2
DA:13,1
DA:14,1
DA:16,1
DA:20,1
DA:21,1
DA:24,0
DA:30,0
LF:8
LH:6
BRDA:20,0,0,1
BRDA:20,0,1,0
BRF:2
BRH:1
end_of_record
TN:
SF:C:\Users\AxilionBG1\git\swapp-react-graphql-apollo\src\screens\CharacterDetails\styles.js
FN:1,(anonymous_0)
FNF:1
FNH:1
FNDA:1,(anonymous_0)
DA:1,2
LF:1
LH:1
BRF:0
BRH:0
end_of_record
TN:
SF:C:\Users\AxilionBG1\git\swapp-react-graphql-apollo\src\screens\Characters\index.js
FN:9,(anonymous_0)
FN:20,(anonymous_1)
FN:25,(anonymous_2)
FN:37,(anonymous_3)
FNF:4
FNH:0
FNDA:0,(anonymous_0)
FNDA:0,(anonymous_1)
FNDA:0,(anonymous_2)
FNDA:0,(anonymous_3)
DA:9,2
DA:10,0
DA:12,0
DA:16,0
DA:17,0
DA:20,0
DA:21,0
DA:23,0
DA:25,0
DA:37,0
DA:42,0
DA:44,0
LF:12
LH:1
BRDA:16,0,0,0
BRDA:16,0,1,0
BRF:2
BRH:0
end_of_record
TN:
SF:C:\Users\AxilionBG1\git\swapp-react-graphql-apollo\src\screens\Characters\styles.js
FN:1,(anonymous_0)
FNF:1
FNH:0
FNDA:0,(anonymous_0)
DA:1,2
LF:1
LH:1
BRF:0
BRH:0
end_of_record
TN:
SF:C:\Users\AxilionBG1\git\swapp-react-graphql-apollo\src\screens\EpisodeDetails\index.js
FN:10,(anonymous_0)
FN:22,(anonymous_1)
FN:27,(anonymous_2)
FN:39,(anonymous_3)
FNF:4
FNH:0
FNDA:0,(anonymous_0)
FNDA:0,(anonymous_1)
FNDA:0,(anonymous_2)
FNDA:0,(anonymous_3)
DA:10,2
DA:11,0
DA:12,0
DA:14,0
DA:18,0
DA:19,0
DA:22,0
DA:23,0
DA:25,0
DA:27,0
DA:39,0
DA:44,0
DA:46,0
LF:13
LH:1
BRDA:18,0,0,0
BRDA:18,0,1,0
BRF:2
BRH:0
end_of_record
TN:
SF:C:\Users\AxilionBG1\git\swapp-react-graphql-apollo\src\screens\EpisodeDetails\styles.js
FN:1,(anonymous_0)
FNF:1
FNH:0
FNDA:0,(anonymous_0)
DA:1,2
LF:1
LH:1
BRF:0
BRH:0
end_of_record
TN:
SF:C:\Users\AxilionBG1\git\swapp-react-graphql-apollo\src\screens\Episodes\index.js
FN:13,(anonymous_0)
FN:24,(anonymous_1)
FN:37,(anonymous_2)
FNF:3
FNH:0
FNDA:0,(anonymous_0)
FNDA:0,(anonymous_1)
FNDA:0,(anonymous_2)
DA:13,2
DA:14,0
DA:16,0
DA:20,0
DA:21,0
DA:24,0
DA:31,0
DA:38,0
LF:8
LH:1
BRDA:20,0,0,0
BRDA:20,0,1,0
BRF:2
BRH:0
end_of_record
TN:
SF:C:\Users\AxilionBG1\git\swapp-react-graphql-apollo\src\screens\Episodes\styles.js
FN:1,(anonymous_0)
FNF:1
FNH:0
FNDA:0,(anonymous_0)
DA:1,2
LF:1
LH:1
BRF:0
BRH:0
end_of_record
TN:
SF:C:\Users\AxilionBG1\git\swapp-react-graphql-apollo\src\screens\Login\index.js
FN:13,(anonymous_0)
FN:23,(anonymous_1)
FN:28,(anonymous_2)
FN:38,(anonymous_3)
FN:46,(anonymous_4)
FN:50,(anonymous_5)
FN:66,(anonymous_6)
FNF:7
FNH:2
FNDA:1,(anonymous_0)
FNDA:0,(anonymous_1)
FNDA:0,(anonymous_2)
FNDA:0,(anonymous_3)
FNDA:0,(anonymous_4)
FNDA:1,(anonymous_5)
FNDA:0,(anonymous_6)
DA:13,2
DA:14,1
DA:15,1
DA:16,1
DA:17,1
DA:20,1
DA:22,1
DA:24,0
DA:25,0
DA:26,0
DA:29,0
DA:33,1
DA:38,1
DA:39,0
DA:40,0
DA:46,1
DA:47,0
DA:50,1
DA:51,1
DA:54,1
DA:55,0
DA:60,1
DA:67,0
DA:68,0
DA:69,0
LF:25
LH:14
BRDA:54,0,0,0
BRDA:54,0,1,1
BRDA:67,1,0,0
BRDA:67,1,1,0
BRDA:78,2,0,1
BRDA:78,2,1,0
BRF:6
BRH:2
end_of_record
TN:
SF:C:\Users\AxilionBG1\git\swapp-react-graphql-apollo\src\screens\Login\styles.js
FN:1,(anonymous_0)
FNF:1
FNH:1
FNDA:1,(anonymous_0)
DA:1,2
LF:1
LH:1
BRF:0
BRH:0
end_of_record
TN:
SF:C:\Users\AxilionBG1\git\swapp-react-graphql-apollo\src\screens\StarshipDetails\index.js
FN:10,(anonymous_0)
FNF:1
FNH:0
FNDA:0,(anonymous_0)
DA:10,2
DA:11,0
DA:12,0
DA:14,0
DA:18,0
DA:19,0
DA:30,0
DA:33,0
LF:8
LH:1
BRDA:18,0,0,0
BRDA:18,0,1,0
BRF:2
BRH:0
end_of_record
TN:
SF:C:\Users\AxilionBG1\git\swapp-react-graphql-apollo\src\screens\StarshipDetails\styles.js
FN:1,(anonymous_0)
FNF:1
FNH:0
FNDA:0,(anonymous_0)
DA:1,2
LF:1
LH:1
BRF:0
BRH:0
end_of_record
TN:
SF:C:\Users\AxilionBG1\git\swapp-react-graphql-apollo\src\utils\useIsAuthorized.js
FN:4,(anonymous_0)
FNF:1
FNH:1
FNDA:1,(anonymous_0)
DA:4,1
DA:5,1
DA:7,1
LF:3
LH:3
BRDA:7,0,0,0
BRDA:7,0,1,1
BRF:2
BRH:1
end_of_record
